<?xml version="1.0" encoding="UTF-8"?>
<testsuite xmlns:xsi="http://www.w3.org/2001/XMLSchema-instance" xsi:noNamespaceSchemaLocation="https://maven.apache.org/surefire/maven-surefire-plugin/xsd/surefire-test-report-3.0.xsd" version="3.0" name="revolutMoneyTransfer.service.AccountServiceTest" time="0.224" tests="8" errors="0" skipped="0" failures="0">
  <properties>
[...]
</properties>
  <testcase name="getBankAccountByIdWithException" classname="revolutMoneyTransfer.service.AccountServiceTest" time="0.094"/>
  <testcase name="updateAccountTest" classname="revolutMoneyTransfer.service.AccountServiceTest" time="0.027"/>
  <testcase name="getBankAccountById" classname="revolutMoneyTransfer.service.AccountServiceTest" time="0"/>
  <testcase name="deleteAccountTest" classname="revolutMoneyTransfer.service.AccountServiceTest" time="0.002"/>
  <testcase name="updateAccountWithException" classname="revolutMoneyTransfer.service.AccountServiceTest" time="0.002"/>
  <testcase name="createAccountTest" classname="revolutMoneyTransfer.service.AccountServiceTest" time="0.002"/>
  <testcase name="getAllBankAccountsTest" classname="revolutMoneyTransfer.service.AccountServiceTest" time="0.001"/>
  <testcase name="accountVerifyTest" classname="revolutMoneyTransfer.service.AccountServiceTest" time="0.001"/>
</testsuite>