<?xml version="1.0" encoding="UTF-8"?>
<testsuite xmlns:xsi="http://www.w3.org/2001/XMLSchema-instance" xsi:noNamespaceSchemaLocation="https://maven.apache.org/surefire/maven-surefire-plugin/xsd/surefire-test-report-3.0.xsd" version="3.0" name="revolutMoneyTransfer.dao.TransactionDaoTest" time="0.486" tests="1" errors="1" skipped="0" failures="0">
  <properties>
[...]
</properties>
  <testcase name="executeTransaction" classname="revolutMoneyTransfer.dao.TransactionDaoTest" time="0.007">
    <error message="&#10;Mockito cannot mock this class: class revolutMoneyTransfer.db.HibernateSessionUtil.&#10;&#10;If you&apos;re not sure why you&apos;re getting this error, please report to the mailing list.&#10;&#10;&#10;Java               : 1.8&#10;JVM vendor name    : Oracle Corporation&#10;JVM vendor version : 25.121-b13&#10;JVM name           : Java HotSpot(TM) 64-Bit Server VM&#10;JVM version        : 1.8.0_121-b13&#10;JVM info           : mixed mode&#10;OS name            : Mac OS X&#10;OS version         : 10.14.3&#10;&#10;&#10;You are seeing this disclaimer because Mockito is configured to create inlined mocks.&#10;You can learn about inline mocks and their limitations under item #39 of the Mockito class javadoc.&#10;&#10;Underlying exception : java.lang.IllegalArgumentException: Could not create type" type="org.mockito.exceptions.base.MockitoException"><![CDATA[org.mockito.exceptions.base.MockitoException: 

Mockito cannot mock this class: class revolutMoneyTransfer.db.HibernateSessionUtil.

If you're not sure why you're getting this error, please report to the mailing list.


Java               : 1.8
JVM vendor name    : Oracle Corporation
JVM vendor version : 25.121-b13
JVM name           : Java HotSpot(TM) 64-Bit Server VM
JVM version        : 1.8.0_121-b13
JVM info           : mixed mode
OS name            : Mac OS X
OS version         : 10.14.3


You are seeing this disclaimer because Mockito is configured to create inlined mocks.
You can learn about inline mocks and their limitations under item #39 of the Mockito class javadoc.

Underlying exception : java.lang.IllegalArgumentException: Could not create type
	at revolutMoneyTransfer.dao.TransactionDaoTest.<init>(TransactionDaoTest.java:32)
Caused by: java.lang.IllegalArgumentException: Could not create type
	at revolutMoneyTransfer.dao.TransactionDaoTest.<init>(TransactionDaoTest.java:32)
Caused by: java.lang.InternalError: class redefinition failed: invalid class
	at revolutMoneyTransfer.dao.TransactionDaoTest.<init>(TransactionDaoTest.java:32)
]]></error>
    <system-out><![CDATA[Checking and completeing transactions
]]></system-out>
    <system-err><![CDATA[Apr 27, 2019 5:04:14 PM org.hibernate.Version logVersion
INFO: HHH000412: Hibernate Core {5.2.10.Final}
Apr 27, 2019 5:04:14 PM org.hibernate.cfg.Environment <clinit>
INFO: HHH000206: hibernate.properties not found
Apr 27, 2019 5:04:14 PM org.hibernate.boot.jaxb.internal.stax.LocalXmlResourceResolver resolveEntity
WARN: HHH90000012: Recognized obsolete hibernate namespace http://hibernate.sourceforge.net/hibernate-configuration. Use namespace http://www.hibernate.org/dtd/hibernate-configuration instead.  Support for obsolete DTD/XSD namespaces may be removed at any time.
Apr 27, 2019 5:04:14 PM org.hibernate.annotations.common.reflection.java.JavaReflectionManager <clinit>
INFO: HCANN000001: Hibernate Commons Annotations {5.0.1.Final}
Apr 27, 2019 5:04:14 PM org.hibernate.engine.jdbc.connections.internal.DriverManagerConnectionProviderImpl configure
WARN: HHH10001002: Using Hibernate built-in connection pool (not for production use!)
Apr 27, 2019 5:04:14 PM org.hibernate.engine.jdbc.connections.internal.DriverManagerConnectionProviderImpl buildCreator
INFO: HHH10001005: using driver [org.h2.Driver] at URL [jdbc:h2:mem:test;DB_CLOSE_DELAY=-1]
Apr 27, 2019 5:04:14 PM org.hibernate.engine.jdbc.connections.internal.DriverManagerConnectionProviderImpl buildCreator
INFO: HHH10001001: Connection properties: {}
Apr 27, 2019 5:04:14 PM org.hibernate.engine.jdbc.connections.internal.DriverManagerConnectionProviderImpl buildCreator
INFO: HHH10001003: Autocommit mode: false
Apr 27, 2019 5:04:14 PM org.hibernate.engine.jdbc.connections.internal.PooledConnections <init>
INFO: HHH000115: Hibernate connection pool size: 20 (min=1)
Apr 27, 2019 5:04:14 PM org.hibernate.dialect.Dialect <init>
INFO: HHH000400: Using dialect: org.hibernate.dialect.H2Dialect
Apr 27, 2019 5:04:15 PM org.hibernate.boot.internal.SessionFactoryBuilderImpl$SessionFactoryOptionsStateStandardImpl <init>
WARN: Unrecognized hbm2ddl_auto value : create/update.  Supported values include 'create', 'create-drop', 'update', 'none' and 'validate'.  Ignoring
Apr 27, 2019 5:04:15 PM org.hibernate.resource.transaction.internal.TransactionCoordinatorBuilderInitiator determineStrategySelection
WARN: HHH90000018: Found use of deprecated transaction factory setting [hibernate.transaction.factory_class]; use the new TransactionCoordinatorBuilder settings [hibernate.transaction.coordinator_class] instead
Apr 27, 2019 5:04:15 PM org.hibernate.engine.jdbc.connections.internal.DriverManagerConnectionProviderImpl stop
INFO: HHH10001008: Cleaning up connection pool [jdbc:h2:mem:test;DB_CLOSE_DELAY=-1]
]]></system-err>
  </testcase>
</testsuite>